\BOOKMARK [1][-]{section.1}{Introduction}{}% 1
\BOOKMARK [1][-]{section.2}{Hadoop Distributed File System \(HDFS\)}{}% 2
\BOOKMARK [2][-]{subsection.2.1}{Architecture}{section.2}% 3
\BOOKMARK [3][-]{subsubsection.2.1.1}{Blocks}{subsection.2.1}% 4
\BOOKMARK [3][-]{subsubsection.2.1.2}{Data Nodes}{subsection.2.1}% 5
\BOOKMARK [3][-]{subsubsection.2.1.3}{Name Node}{subsection.2.1}% 6
\BOOKMARK [3][-]{subsubsection.2.1.4}{Client}{subsection.2.1}% 7
\BOOKMARK [3][-]{subsubsection.2.1.5}{Secondary Node}{subsection.2.1}% 8
\BOOKMARK [2][-]{subsection.2.2}{Workflow}{section.2}% 9
\BOOKMARK [3][-]{subsubsection.2.2.1}{Startup}{subsection.2.2}% 10
\BOOKMARK [3][-]{subsubsection.2.2.2}{Write}{subsection.2.2}% 11
\BOOKMARK [3][-]{subsubsection.2.2.3}{Read}{subsection.2.2}% 12
\BOOKMARK [2][-]{subsection.2.3}{Features}{section.2}% 13
\BOOKMARK [2][-]{subsection.2.4}{Purpose}{section.2}% 14
\BOOKMARK [1][-]{section.3}{Google File System \(GFS\)}{}% 15
\BOOKMARK [2][-]{subsection.3.1}{Purpose}{section.3}% 16
\BOOKMARK [2][-]{subsection.3.2}{Architecture}{section.3}% 17
\BOOKMARK [2][-]{subsection.3.3}{Workflows}{section.3}% 18
\BOOKMARK [3][-]{subsubsection.3.3.1}{Read}{subsection.3.3}% 19
\BOOKMARK [3][-]{subsubsection.3.3.2}{Write}{subsection.3.3}% 20
\BOOKMARK [3][-]{subsubsection.3.3.3}{Record Append}{subsection.3.3}% 21
\BOOKMARK [2][-]{subsection.3.4}{Features}{section.3}% 22
\BOOKMARK [3][-]{subsubsection.3.4.1}{Chunk Replication}{subsection.3.4}% 23
\BOOKMARK [3][-]{subsubsection.3.4.2}{Garbage Collection}{subsection.3.4}% 24
\BOOKMARK [1][-]{section.4}{Comparison}{}% 25
\BOOKMARK [1][-]{section.5}{Conclusions and Future Work}{}% 26
\BOOKMARK [1][-]{section.6}{References}{}% 27
